#
# There is insufficient memory for the Java Runtime Environment to continue.
# Native memory allocation (mmap) failed to map 67108864 bytes for G1 virtual space
# Possible reasons:
#   The system is out of physical RAM or swap space
#   The process is running with CompressedOops enabled, and the Java Heap may be blocking the growth of the native heap
# Possible solutions:
#   Reduce memory load on the system
#   Increase physical memory or swap space
#   Check if swap backing store is full
#   Decrease Java heap size (-Xmx/-Xms)
#   Decrease number of Java threads
#   Decrease Java thread stack sizes (-Xss)
#   Set larger code cache with -XX:ReservedCodeCacheSize=
#   JVM is running with Unscaled Compressed Oops mode in which the Java heap is
#     placed in the first 4GB address space. The Java Heap base address is the
#     maximum limit for the native heap growth. Please use -XX:HeapBaseMinAddress
#     to set the Java Heap base and to place the Java Heap above 4GB virtual address.
# This output file may be truncated or incomplete.
#
#  Out of Memory Error (os_windows.cpp:3548), pid=17756, tid=9732
#
# JRE version:  (17.0.12+8) (build )
# Java VM: Java HotSpot(TM) 64-Bit Server VM (17.0.12+8-LTS-286, mixed mode, sharing, tiered, compressed oops, compressed class ptrs, g1 gc, windows-amd64)
# No core dump will be written. Minidumps are not enabled by default on client versions of Windows
#

---------------  S U M M A R Y ------------

Command Line: -Xmx64m -Xms64m -Dorg.gradle.appname=gradlew org.gradle.wrapper.GradleWrapperMain app:installDebug -PreactNativeDevServerPort=8081 -PreactNativeArchitectures=arm64-v8a,x86_64

Host: Intel(R) Core(TM) i7-4770 CPU @ 3.40GHz, 8 cores, 15G,  Windows 10 , 64 bit Build 19041 (10.0.19041.546)
Time: Wed Jun 25 18:28:40 2025  Windows 10 , 64 bit Build 19041 (10.0.19041.546) elapsed time: 0.010233 seconds (0d 0h 0m 0s)

---------------  T H R E A D  ---------------

Current thread (0x00000234a0fb7ba0):  JavaThread "Unknown thread" [_thread_in_vm, id=9732, stack(0x000000546de00000,0x000000546df00000)]

Stack: [0x000000546de00000,0x000000546df00000]
Native frames: (J=compiled Java code, j=interpreted, Vv=VM code, C=native code)
V  [jvm.dll+0x67a04a]
V  [jvm.dll+0x7da4ed]
V  [jvm.dll+0x7dbe33]
V  [jvm.dll+0x7dc4a3]
V  [jvm.dll+0x24508f]
V  [jvm.dll+0x677089]
V  [jvm.dll+0x66bd32]
V  [jvm.dll+0x301fa6]
V  [jvm.dll+0x309546]
V  [jvm.dll+0x359d2e]
V  [jvm.dll+0x359f5f]
V  [jvm.dll+0x2d9078]
V  [jvm.dll+0x2d9fe4]
V  [jvm.dll+0x7aca21]
V  [jvm.dll+0x367591]
V  [jvm.dll+0x78b999]
V  [jvm.dll+0x3ec83f]
V  [jvm.dll+0x3ee471]
C  [jli.dll+0x5297]
C  [ucrtbase.dll+0x214c2]
C  [KERNEL32.DLL+0x17034]
C  [ntdll.dll+0x4cec1]


---------------  P R O C E S S  ---------------

Threads class SMR info:
_java_thread_list=0x00007fff78cb7a18, length=0, elements={
}

Java Threads: ( => current thread )

Other Threads:
  0x00000234a0fda0b0 GCTaskThread "GC Thread#0" [stack: 0x000000546df00000,0x000000546e000000] [id=22948]
  0x00000234a0fdcb10 ConcurrentGCThread "G1 Main Marker" [stack: 0x000000546e000000,0x000000546e100000] [id=9480]
  0x00000234a0fdd420 ConcurrentGCThread "G1 Conc#0" [stack: 0x000000546e100000,0x000000546e200000] [id=22676]

[error occurred during error reporting (printing all threads), id 0xc0000005, EXCEPTION_ACCESS_VIOLATION (0xc0000005) at pc=0x00007fff784e9b67]

VM state: not at safepoint (not fully initialized)

VM Mutex/Monitor currently owned by a thread:  ([mutex/lock_event])
[0x00000234a0fb2f00] Heap_lock - owner thread: 0x00000234a0fb7ba0

Heap address: 0x00000000fc000000, size: 64 MB, Compressed Oops mode: 32-bit

CDS archive(s) mapped at: [0x0000000000000000-0x0000000000000000-0x0000000000000000), size 0, SharedBaseAddress: 0x0000000800000000, ArchiveRelocationMode: 1.
Narrow klass base: 0x0000000000000000, Narrow klass shift: 0, Narrow klass range: 0x0

GC Precious Log:
<Empty>

Heap:
 garbage-first heap   total 0K, used 0K [0x00000000fc000000, 0x0000000100000000)
  region size 1024K, 0 young (0K), 0 survivors (0K)

[error occurred during error reporting (printing heap information), id 0xc0000005, EXCEPTION_ACCESS_VIOLATION (0xc0000005) at pc=0x00007fff788d3859]

GC Heap History (0 events):
No events

Deoptimization events (0 events):
No events

Classes unloaded (0 events):
No events

Classes redefined (0 events):
No events

Internal exceptions (0 events):
No events

VM Operations (0 events):
No events

Events (1 events):
Event: 0.004 Loaded shared library D:\Exploitation\JDK\bin\java.dll


Dynamic libraries:
0x00007ff7061a0000 - 0x00007ff7061b0000 	D:\Exploitation\JDK\bin\java.exe
0x00007fffc8ff0000 - 0x00007fffc91e6000 	C:\Windows\SYSTEM32\ntdll.dll
0x00007fffc8180000 - 0x00007fffc823d000 	C:\Windows\System32\KERNEL32.DLL
0x00007fffc6790000 - 0x00007fffc6a58000 	C:\Windows\System32\KERNELBASE.dll
0x00007fffc6a60000 - 0x00007fffc6b60000 	C:\Windows\System32\ucrtbase.dll
0x00007fffb4320000 - 0x00007fffb4339000 	D:\Exploitation\JDK\bin\jli.dll
0x00007fffa95c0000 - 0x00007fffa95db000 	D:\Exploitation\JDK\bin\VCRUNTIME140.dll
0x00007fffc7200000 - 0x00007fffc72aa000 	C:\Windows\System32\ADVAPI32.dll
0x00007fffc84c0000 - 0x00007fffc855e000 	C:\Windows\System32\msvcrt.dll
0x00007fffc8560000 - 0x00007fffc85fb000 	C:\Windows\System32\sechost.dll
0x00007fffc7bd0000 - 0x00007fffc7cf4000 	C:\Windows\System32\RPCRT4.dll
0x00007fffc8290000 - 0x00007fffc8430000 	C:\Windows\System32\USER32.dll
0x00007fffc6d50000 - 0x00007fffc6d72000 	C:\Windows\System32\win32u.dll
0x00007fffb8690000 - 0x00007fffb892b000 	C:\Windows\WinSxS\amd64_microsoft.windows.common-controls_6595b64144ccf1df_6.0.19041.488_none_ca04af081b815d21\COMCTL32.dll
0x00007fffc8240000 - 0x00007fffc826a000 	C:\Windows\System32\GDI32.dll
0x00007fffc6f50000 - 0x00007fffc7059000 	C:\Windows\System32\gdi32full.dll
0x00007fffc6e00000 - 0x00007fffc6e9d000 	C:\Windows\System32\msvcp_win.dll
0x00007fffb89c0000 - 0x00007fffb89ca000 	C:\Windows\SYSTEM32\VERSION.dll
0x00007fffc8600000 - 0x00007fffc8630000 	C:\Windows\System32\IMM32.DLL
0x00007fffc20f0000 - 0x00007fffc20fc000 	D:\Exploitation\JDK\bin\vcruntime140_1.dll
0x00007fff9dba0000 - 0x00007fff9dc2e000 	D:\Exploitation\JDK\bin\msvcp140.dll
0x00007fff78200000 - 0x00007fff78de0000 	D:\Exploitation\JDK\bin\server\jvm.dll
0x00007fffc7190000 - 0x00007fffc7198000 	C:\Windows\System32\PSAPI.DLL
0x00007fffb6c50000 - 0x00007fffb6c59000 	C:\Windows\SYSTEM32\WSOCK32.dll
0x00007fffbce50000 - 0x00007fffbce77000 	C:\Windows\SYSTEM32\WINMM.dll
0x00007fffc7d60000 - 0x00007fffc7dcb000 	C:\Windows\System32\WS2_32.dll
0x00007fffc46b0000 - 0x00007fffc46c2000 	C:\Windows\SYSTEM32\kernel.appcore.dll
0x00007fffb4310000 - 0x00007fffb431a000 	D:\Exploitation\JDK\bin\jimage.dll
0x00007fffc2170000 - 0x00007fffc2354000 	C:\Windows\SYSTEM32\DBGHELP.DLL
0x00007fffb7230000 - 0x00007fffb725c000 	C:\Windows\SYSTEM32\dbgcore.DLL
0x00007fffc6d80000 - 0x00007fffc6dff000 	C:\Windows\System32\bcryptPrimitives.dll
0x00007fffa26a0000 - 0x00007fffa26c5000 	D:\Exploitation\JDK\bin\java.dll

dbghelp: loaded successfully - version: 4.0.5 - missing functions: none
symbol engine: initialized successfully - sym options: 0x614 - pdb path: .;D:\Exploitation\JDK\bin;C:\Windows\SYSTEM32;C:\Windows\WinSxS\amd64_microsoft.windows.common-controls_6595b64144ccf1df_6.0.19041.488_none_ca04af081b815d21;D:\Exploitation\JDK\bin\server

VM Arguments:
jvm_args: -Xmx64m -Xms64m -Dorg.gradle.appname=gradlew 
java_command: org.gradle.wrapper.GradleWrapperMain app:installDebug -PreactNativeDevServerPort=8081 -PreactNativeArchitectures=arm64-v8a,x86_64
java_class_path (initial): D:\Exploitation\Project\ReactNative\Anime\android\\gradle\wrapper\gradle-wrapper.jar
Launcher Type: SUN_STANDARD

[Global flags]
     intx CICompilerCount                          = 4                                         {product} {ergonomic}
     uint ConcGCThreads                            = 2                                         {product} {ergonomic}
     uint G1ConcRefinementThreads                  = 8                                         {product} {ergonomic}
   size_t G1HeapRegionSize                         = 1048576                                   {product} {ergonomic}
    uintx GCDrainStackTargetSize                   = 64                                        {product} {ergonomic}
   size_t InitialHeapSize                          = 67108864                                  {product} {command line}
   size_t MarkStackSize                            = 4194304                                   {product} {ergonomic}
   size_t MaxHeapSize                              = 67108864                                  {product} {command line}
   size_t MinHeapDeltaBytes                        = 1048576                                   {product} {ergonomic}
   size_t MinHeapSize                              = 67108864                                  {product} {command line}
    uintx NonNMethodCodeHeapSize                   = 5839372                                {pd product} {ergonomic}
    uintx NonProfiledCodeHeapSize                  = 122909434                              {pd product} {ergonomic}
    uintx ProfiledCodeHeapSize                     = 122909434                              {pd product} {ergonomic}
    uintx ReservedCodeCacheSize                    = 251658240                              {pd product} {ergonomic}
     bool SegmentedCodeCache                       = true                                      {product} {ergonomic}
   size_t SoftMaxHeapSize                          = 67108864                               {manageable} {ergonomic}
     bool UseCompressedClassPointers               = true                           {product lp64_product} {ergonomic}
     bool UseCompressedOops                        = true                           {product lp64_product} {ergonomic}
     bool UseG1GC                                  = true                                      {product} {ergonomic}
     bool UseLargePagesIndividualAllocation        = false                                  {pd product} {ergonomic}

Logging:
Log output configuration:
 #0: stdout all=warning uptime,level,tags
 #1: stderr all=off uptime,level,tags

Environment Variables:
JAVA_HOME=D:\Exploitation\JDK
CLASSPATH=D:\Exploitation\Project\ReactNative\Anime\android\\gradle\wrapper\gradle-wrapper.jar
PATH=C:\Users\Administrator\AppData\Local\Temp\yarn--1750847317506-0.1996764114245384;D:\Exploitation\Project\ReactNative\Anime\node_modules\.bin;C:\Users\Administrator\AppData\Local\Yarn\Data\link\node_modules\.bin;C:\Users\Administrator\AppData\Local\Yarn\bin;D:\Exploitation\node\libexec\lib\node_modules\npm\bin\node-gyp-bin;D:\Exploitation\node\lib\node_modules\npm\bin\node-gyp-bin;D:\Exploitation\node\nodejs\node_modules\npm\bin\node-gyp-bin;C:\Program Files\Common Files\Oracle\Java\javapath;C:\Windows\system32;C:\Windows;C:\Windows\System32\Wbem;C:\Windows\System32\WindowsPowerShell\v1.0\;C:\Windows\System32\OpenSSH\;D:\Exploitation\MySQL\MySQL Server 8.0\bin;C:\Program Files\Git\cmd;D:\Exploitation\Maven\apache-maven-3.5.3\bin;D:\Exploitation\nvm;D:\Exploitation\node\nodejs;D:\Exploitation\JDK\bin;c:\Users\Administrator\AppData\Local\Programs\cursor\resources\app\bin;c:\Users\Administrator\AppData\Local\Programs\cursor\resources\app\bin;c:\Users\Administrator\AppData\Local\Programs\cursor\resources\app\bin;c:\Users\Administrator\AppData\Local\Programs\cursor\resources\app\bin;c:\Users\Administrator\AppData\Local\Programs\cursor\resources\app\bin;D:\Exploitation\Android\sdk\emulator;D:\Exploitation\Android\sdk\tools;D:\Exploitation\Android\sdk\bin;D:\Exploitation\Android\sdk\platform-tools;D:\Exploitation\Android\gradle\gradle-8.13-bin\gradle-8.13\bin;D:\Exploitation\python\python3.11\Scripts\;D:\Exploitation\python\python3.11\;D:\Exploitation\python\python3.10\Scripts\;D:\Exploitation\python\python3.10\;D:\Exploitation\python\Scripts\;C:\Users\Administrator\AppData\Local\Microsoft\WindowsApps;D:\Exploitation\Idea\IntelliJ IDEA 2025.1\bin;;C:\Users\Administrator\AppData\Roaming\npm;D:\Exploitation\Idea\Microsoft VS Code\bin;C:\Users\Administrator\AppData\Local\Programs\cursor\resources\app\bin;D:\Exploitation\nvm;D:\Exploitation\node\nodejs;D:\Exploitation\Android\sdk;
USERNAME=Administrator
OS=Windows_NT
PROCESSOR_IDENTIFIER=Intel64 Family 6 Model 60 Stepping 3, GenuineIntel



---------------  S Y S T E M  ---------------

OS:
 Windows 10 , 64 bit Build 19041 (10.0.19041.546)
OS uptime: 0 days 4:42 hours

CPU: total 8 (initial active 8) (4 cores per cpu, 2 threads per core) family 6 model 60 stepping 3 microcode 0x27, cx8, cmov, fxsr, ht, mmx, sse, sse2, sse3, ssse3, sse4.1, sse4.2, popcnt, lzcnt, tsc, tscinvbit, avx, avx2, aes, erms, clmul, bmi1, bmi2, fma, vzeroupper, clflush

Memory: 4k page, system-wide physical 16296M (331M free)
TotalPageFile size 39849M (AvailPageFile size 33M)
current process WorkingSet (physical memory assigned to process): 10M, peak: 10M
current process commit charge ("private bytes"): 59M, peak: 123M

vm_info: Java HotSpot(TM) 64-Bit Server VM (17.0.12+8-LTS-286) for windows-amd64 JRE (17.0.12+8-LTS-286), built on Jun  5 2024 06:46:59 by "mach5one" with MS VC++ 17.6 (VS2022)

END.
